<?xml version="1.0" encoding="UTF-8"?>
<!-- Generated by org.testng.reporters.JUnitReportReporter -->
<testsuite hostname="qsp-lab3-PC" name="com.demo.sampleordertest.OrderTest" tests="1" failures="0" timestamp="16 Feb 2018 18:15:09 GMT" time="0.011" errors="0">
  <testcase name="createOrderTest" time="0.011" classname="com.demo.sampleordertest.OrderTest"/>
</testsuite> <!-- com.demo.sampleordertest.OrderTest -->
